# JRE version: OpenJDK Runtime Environment Temurin-21.0.9+10 (21.0.9+10) (build 21.0.9+10-LTS)
# Java VM: OpenJDK 64-Bit Server VM Temurin-21.0.9+10 (21.0.9+10-LTS, mixed mode, sharing, tiered, compressed oops, compressed class ptrs, parallel gc, windows-amd64)
GC Precious Log:
 CardTable entry size: 512
 CPUs: 8 total, 8 available
 Memory: 16118M
 Large Page Support: Disabled
 NUMA Support: Disabled
 Compressed Oops: Enabled (32-bit)
 Alignments: Space 512K, Generation 512K, Heap 2M
 Heap Min Capacity: 100M
 Heap Initial Capacity: 100M
 Heap Max Capacity: 2G
 Pre-touch: Disabled
 Parallel Workers: 8
Heap:
 PSYoungGen      total 21504K, used 3695K [0x00000000d5580000, 0x00000000d6e80000, 0x0000000100000000)
  eden space 20480K, 13% used [0x00000000d5580000,0x00000000d5823fa8,0x00000000d6980000)
  from space 1024K, 96% used [0x00000000d6a80000,0x00000000d6b78020,0x00000000d6b80000)
  to   space 1536K, 0% used [0x00000000d6d00000,0x00000000d6d00000,0x00000000d6e80000)
 ParOldGen       total 68608K, used 46106K [0x0000000080000000, 0x0000000084300000, 0x00000000d5580000)
  object space 68608K, 67% used [0x0000000080000000,0x0000000082d06b68,0x0000000084300000)
 Metaspace       used 65071K, committed 66560K, reserved 1114112K
  class space    used 6922K, committed 7552K, reserved 1048576K
GC Heap History (20 events):
Event: 9.752 GC heap before
{Heap before GC invocations=29 (full 2):
 PSYoungGen      total 22528K, used 22272K [0x00000000d5580000, 0x00000000d6e80000, 0x0000000100000000)
  eden space 20480K, 100% used [0x00000000d5580000,0x00000000d6980000,0x00000000d6980000)
  from space 2048K, 87% used [0x00000000d6c80000,0x00000000d6e40000,0x00000000d6e80000)
  to   space 2048K, 0% used [0x00000000d6980000,0x00000000d6980000,0x00000000d6b80000)
 ParOldGen       total 68608K, used 38042K [0x0000000080000000, 0x0000000084300000, 0x00000000d5580000)
  object space 68608K, 55% used [0x0000000080000000,0x00000000825268b0,0x0000000084300000)
 Metaspace       used 54866K, committed 56064K, reserved 1114112K
  class space    used 5961K, committed 6464K, reserved 1048576K
}
Event: 9.755 GC heap after
{Heap after GC invocations=29 (full 2):
 PSYoungGen      total 22528K, used 2024K [0x00000000d5580000, 0x00000000d7580000, 0x0000000100000000)
  eden space 20480K, 0% used [0x00000000d5580000,0x00000000d5580000,0x00000000d6980000)
  from space 2048K, 98% used [0x00000000d6980000,0x00000000d6b7a010,0x00000000d6b80000)
  to   space 6144K, 0% used [0x00000000d6f80000,0x00000000d6f80000,0x00000000d7580000)
 ParOldGen       total 68608K, used 41178K [0x0000000080000000, 0x0000000084300000, 0x00000000d5580000)
  object space 68608K, 60% used [0x0000000080000000,0x0000000082836900,0x0000000084300000)
 Metaspace       used 54866K, committed 56064K, reserved 1114112K
  class space    used 5961K, committed 6464K, reserved 1048576K
}
Event: 9.986 GC heap before
{Heap before GC invocations=30 (full 2):
 PSYoungGen      total 22528K, used 22504K [0x00000000d5580000, 0x00000000d7580000, 0x0000000100000000)
  eden space 20480K, 100% used [0x00000000d5580000,0x00000000d6980000,0x00000000d6980000)
  from space 2048K, 98% used [0x00000000d6980000,0x00000000d6b7a010,0x00000000d6b80000)
  to   space 6144K, 0% used [0x00000000d6f80000,0x00000000d6f80000,0x00000000d7580000)
 ParOldGen       total 68608K, used 41178K [0x0000000080000000, 0x0000000084300000, 0x00000000d5580000)
  object space 68608K, 60% used [0x0000000080000000,0x0000000082836900,0x0000000084300000)
 Metaspace       used 55691K, committed 56960K, reserved 1114112K
  class space    used 6071K, committed 6592K, reserved 1048576K
}
Event: 9.988 GC heap after
{Heap after GC invocations=30 (full 2):
 PSYoungGen      total 20992K, used 468K [0x00000000d5580000, 0x00000000d7000000, 0x0000000100000000)
  eden space 20480K, 0% used [0x00000000d5580000,0x00000000d5580000,0x00000000d6980000)
  from space 512K, 91% used [0x00000000d6f80000,0x00000000d6ff5308,0x00000000d7000000)
  to   space 2560K, 0% used [0x00000000d6b00000,0x00000000d6b00000,0x00000000d6d80000)
 ParOldGen       total 68608K, used 43154K [0x0000000080000000, 0x0000000084300000, 0x00000000d5580000)
  object space 68608K, 62% used [0x0000000080000000,0x0000000082a24bb8,0x0000000084300000)
 Metaspace       used 55691K, committed 56960K, reserved 1114112K
  class space    used 6071K, committed 6592K, reserved 1048576K
}
Event: 10.125 GC heap before
{Heap before GC invocations=31 (full 2):
 PSYoungGen      total 20992K, used 20948K [0x00000000d5580000, 0x00000000d7000000, 0x0000000100000000)
  eden space 20480K, 100% used [0x00000000d5580000,0x00000000d6980000,0x00000000d6980000)
  from space 512K, 91% used [0x00000000d6f80000,0x00000000d6ff5308,0x00000000d7000000)
  to   space 2560K, 0% used [0x00000000d6b00000,0x00000000d6b00000,0x00000000d6d80000)
 ParOldGen       total 68608K, used 43154K [0x0000000080000000, 0x0000000084300000, 0x00000000d5580000)
  object space 68608K, 62% used [0x0000000080000000,0x0000000082a24bb8,0x0000000084300000)
 Metaspace       used 56694K, committed 57856K, reserved 1114112K
  class space    used 6171K, committed 6656K, reserved 1048576K
}
Event: 10.127 GC heap after
{Heap after GC invocations=31 (full 2):
 PSYoungGen      total 23040K, used 1726K [0x00000000d5580000, 0x00000000d7000000, 0x0000000100000000)
  eden space 20480K, 0% used [0x00000000d5580000,0x00000000d5580000,0x00000000d6980000)
  from space 2560K, 67% used [0x00000000d6b00000,0x00000000d6cafa00,0x00000000d6d80000)
  to   space 2048K, 0% used [0x00000000d6e00000,0x00000000d6e00000,0x00000000d7000000)
 ParOldGen       total 68608K, used 43402K [0x0000000080000000, 0x0000000084300000, 0x00000000d5580000)
  object space 68608K, 63% used [0x0000000080000000,0x0000000082a62bb8,0x0000000084300000)
 Metaspace       used 56694K, committed 57856K, reserved 1114112K
  class space    used 6171K, committed 6656K, reserved 1048576K
}
Event: 10.185 GC heap before
{Heap before GC invocations=32 (full 2):
 PSYoungGen      total 23040K, used 22206K [0x00000000d5580000, 0x00000000d7000000, 0x0000000100000000)
  eden space 20480K, 100% used [0x00000000d5580000,0x00000000d6980000,0x00000000d6980000)
  from space 2560K, 67% used [0x00000000d6b00000,0x00000000d6cafa00,0x00000000d6d80000)
  to   space 2048K, 0% used [0x00000000d6e00000,0x00000000d6e00000,0x00000000d7000000)
 ParOldGen       total 68608K, used 43402K [0x0000000080000000, 0x0000000084300000, 0x00000000d5580000)
  object space 68608K, 63% used [0x0000000080000000,0x0000000082a62bb8,0x0000000084300000)
 Metaspace       used 56716K, committed 57920K, reserved 1114112K
  class space    used 6171K, committed 6656K, reserved 1048576K
}
Event: 10.186 GC heap after
{Heap after GC invocations=32 (full 2):
 PSYoungGen      total 21504K, used 605K [0x00000000d5580000, 0x00000000d6f00000, 0x0000000100000000)
  eden space 20480K, 0% used [0x00000000d5580000,0x00000000d5580000,0x00000000d6980000)
  from space 1024K, 59% used [0x00000000d6e00000,0x00000000d6e97510,0x00000000d6f00000)
  to   space 1536K, 0% used [0x00000000d6c00000,0x00000000d6c00000,0x00000000d6d80000)
 ParOldGen       total 68608K, used 44207K [0x0000000080000000, 0x0000000084300000, 0x00000000d5580000)
  object space 68608K, 64% used [0x0000000080000000,0x0000000082b2be20,0x0000000084300000)
 Metaspace       used 56716K, committed 57920K, reserved 1114112K
  class space    used 6171K, committed 6656K, reserved 1048576K
}
Event: 11.772 GC heap before
{Heap before GC invocations=33 (full 2):
 PSYoungGen      total 21504K, used 19526K [0x00000000d5580000, 0x00000000d6f00000, 0x0000000100000000)
  eden space 20480K, 92% used [0x00000000d5580000,0x00000000d67fa570,0x00000000d6980000)
  from space 1024K, 59% used [0x00000000d6e00000,0x00000000d6e97510,0x00000000d6f00000)
  to   space 1536K, 0% used [0x00000000d6c00000,0x00000000d6c00000,0x00000000d6d80000)
 ParOldGen       total 68608K, used 44207K [0x0000000080000000, 0x0000000084300000, 0x00000000d5580000)
  object space 68608K, 64% used [0x0000000080000000,0x0000000082b2be20,0x0000000084300000)
 Metaspace       used 58589K, committed 59776K, reserved 1114112K
  class space    used 6356K, committed 6848K, reserved 1048576K
}
Event: 11.775 GC heap after
{Heap after GC invocations=33 (full 2):
 PSYoungGen      total 22016K, used 940K [0x00000000d5580000, 0x00000000d6e80000, 0x0000000100000000)
  eden space 20480K, 0% used [0x00000000d5580000,0x00000000d5580000,0x00000000d6980000)
  from space 1536K, 61% used [0x00000000d6c00000,0x00000000d6ceb0b0,0x00000000d6d80000)
  to   space 1024K, 0% used [0x00000000d6d80000,0x00000000d6d80000,0x00000000d6e80000)
 ParOldGen       total 68608K, used 44223K [0x0000000080000000, 0x0000000084300000, 0x00000000d5580000)
  object space 68608K, 64% used [0x0000000080000000,0x0000000082b2fe20,0x0000000084300000)
 Metaspace       used 58589K, committed 59776K, reserved 1114112K
  class space    used 6356K, committed 6848K, reserved 1048576K
}
Event: 11.775 GC heap before
{Heap before GC invocations=34 (full 3):
 PSYoungGen      total 22016K, used 940K [0x00000000d5580000, 0x00000000d6e80000, 0x0000000100000000)
  eden space 20480K, 0% used [0x00000000d5580000,0x00000000d5580000,0x00000000d6980000)
  from space 1536K, 61% used [0x00000000d6c00000,0x00000000d6ceb0b0,0x00000000d6d80000)
  to   space 1024K, 0% used [0x00000000d6d80000,0x00000000d6d80000,0x00000000d6e80000)
 ParOldGen       total 68608K, used 44223K [0x0000000080000000, 0x0000000084300000, 0x00000000d5580000)
  object space 68608K, 64% used [0x0000000080000000,0x0000000082b2fe20,0x0000000084300000)
 Metaspace       used 58589K, committed 59776K, reserved 1114112K
  class space    used 6356K, committed 6848K, reserved 1048576K
}
Event: 11.851 GC heap after
{Heap after GC invocations=34 (full 3):
 PSYoungGen      total 22016K, used 0K [0x00000000d5580000, 0x00000000d6e80000, 0x0000000100000000)
  eden space 20480K, 0% used [0x00000000d5580000,0x00000000d5580000,0x00000000d6980000)
  from space 1536K, 0% used [0x00000000d6c00000,0x00000000d6c00000,0x00000000d6d80000)
  to   space 1024K, 0% used [0x00000000d6d80000,0x00000000d6d80000,0x00000000d6e80000)
 ParOldGen       total 68608K, used 41350K [0x0000000080000000, 0x0000000084300000, 0x00000000d5580000)
  object space 68608K, 60% used [0x0000000080000000,0x0000000082861b58,0x0000000084300000)
 Metaspace       used 58589K, committed 59776K, reserved 1114112K
  class space    used 6356K, committed 6848K, reserved 1048576K
}
Event: 12.359 GC heap before
{Heap before GC invocations=35 (full 3):
 PSYoungGen      total 22016K, used 20480K [0x00000000d5580000, 0x00000000d6e80000, 0x0000000100000000)
  eden space 20480K, 100% used [0x00000000d5580000,0x00000000d6980000,0x00000000d6980000)
  from space 1536K, 0% used [0x00000000d6c00000,0x00000000d6c00000,0x00000000d6d80000)
  to   space 1024K, 0% used [0x00000000d6d80000,0x00000000d6d80000,0x00000000d6e80000)
 ParOldGen       total 68608K, used 41350K [0x0000000080000000, 0x0000000084300000, 0x00000000d5580000)
  object space 68608K, 60% used [0x0000000080000000,0x0000000082861b58,0x0000000084300000)
 Metaspace       used 60766K, committed 62144K, reserved 1114112K
  class space    used 6606K, committed 7168K, reserved 1048576K
}
Event: 12.360 GC heap after
{Heap after GC invocations=35 (full 3):
 PSYoungGen      total 21504K, used 1004K [0x00000000d5580000, 0x00000000d6e80000, 0x0000000100000000)
  eden space 20480K, 0% used [0x00000000d5580000,0x00000000d5580000,0x00000000d6980000)
  from space 1024K, 98% used [0x00000000d6d80000,0x00000000d6e7b108,0x00000000d6e80000)
  to   space 1536K, 0% used [0x00000000d6b80000,0x00000000d6b80000,0x00000000d6d00000)
 ParOldGen       total 68608K, used 41509K [0x0000000080000000, 0x0000000084300000, 0x00000000d5580000)
  object space 68608K, 60% used [0x0000000080000000,0x00000000828896e0,0x0000000084300000)
 Metaspace       used 60766K, committed 62144K, reserved 1114112K
  class space    used 6606K, committed 7168K, reserved 1048576K
}
Event: 12.955 GC heap before
{Heap before GC invocations=36 (full 3):
 PSYoungGen      total 21504K, used 21484K [0x00000000d5580000, 0x00000000d6e80000, 0x0000000100000000)
  eden space 20480K, 100% used [0x00000000d5580000,0x00000000d6980000,0x00000000d6980000)
  from space 1024K, 98% used [0x00000000d6d80000,0x00000000d6e7b108,0x00000000d6e80000)
  to   space 1536K, 0% used [0x00000000d6b80000,0x00000000d6b80000,0x00000000d6d00000)
 ParOldGen       total 68608K, used 41509K [0x0000000080000000, 0x0000000084300000, 0x00000000d5580000)
  object space 68608K, 60% used [0x0000000080000000,0x00000000828896e0,0x0000000084300000)
 Metaspace       used 62866K, committed 64320K, reserved 1114112K
  class space    used 6776K, committed 7424K, reserved 1048576K
}
Event: 12.959 GC heap after
{Heap after GC invocations=36 (full 3):
 PSYoungGen      total 22016K, used 1530K [0x00000000d5580000, 0x00000000d7280000, 0x0000000100000000)
  eden space 20480K, 0% used [0x00000000d5580000,0x00000000d5580000,0x00000000d6980000)
  from space 1536K, 99% used [0x00000000d6b80000,0x00000000d6cfe948,0x00000000d6d00000)
  to   space 4608K, 0% used [0x00000000d6e00000,0x00000000d6e00000,0x00000000d7280000)
 ParOldGen       total 68608K, used 44069K [0x0000000080000000, 0x0000000084300000, 0x00000000d5580000)
  object space 68608K, 64% used [0x0000000080000000,0x0000000082b09550,0x0000000084300000)
 Metaspace       used 62866K, committed 64320K, reserved 1114112K
  class space    used 6776K, committed 7424K, reserved 1048576K
}
Event: 13.596 GC heap before
{Heap before GC invocations=37 (full 3):
 PSYoungGen      total 22016K, used 22010K [0x00000000d5580000, 0x00000000d7280000, 0x0000000100000000)
  eden space 20480K, 99% used [0x00000000d5580000,0x00000000d697ffc0,0x00000000d6980000)
  from space 1536K, 99% used [0x00000000d6b80000,0x00000000d6cfe948,0x00000000d6d00000)
  to   space 4608K, 0% used [0x00000000d6e00000,0x00000000d6e00000,0x00000000d7280000)
 ParOldGen       total 68608K, used 44069K [0x0000000080000000, 0x0000000084300000, 0x00000000d5580000)
  object space 68608K, 64% used [0x0000000080000000,0x0000000082b09550,0x0000000084300000)
 Metaspace       used 64068K, committed 65536K, reserved 1114112K
  class space    used 6851K, committed 7488K, reserved 1048576K
}
Event: 13.600 GC heap after
{Heap after GC invocations=37 (full 3):
 PSYoungGen      total 23040K, used 2076K [0x00000000d5580000, 0x00000000d7080000, 0x0000000100000000)
  eden space 20480K, 0% used [0x00000000d5580000,0x00000000d5580000,0x00000000d6980000)
  from space 2560K, 81% used [0x00000000d6e00000,0x00000000d7007158,0x00000000d7080000)
  to   space 3072K, 0% used [0x00000000d6a80000,0x00000000d6a80000,0x00000000d6d80000)
 ParOldGen       total 68608K, used 45628K [0x0000000080000000, 0x0000000084300000, 0x00000000d5580000)
  object space 68608K, 66% used [0x0000000080000000,0x0000000082c8f208,0x0000000084300000)
 Metaspace       used 64068K, committed 65536K, reserved 1114112K
  class space    used 6851K, committed 7488K, reserved 1048576K
}
Event: 7905.092 GC heap before
{Heap before GC invocations=38 (full 3):
 PSYoungGen      total 23040K, used 22556K [0x00000000d5580000, 0x00000000d7080000, 0x0000000100000000)
  eden space 20480K, 100% used [0x00000000d5580000,0x00000000d6980000,0x00000000d6980000)
  from space 2560K, 81% used [0x00000000d6e00000,0x00000000d7007158,0x00000000d7080000)
  to   space 3072K, 0% used [0x00000000d6a80000,0x00000000d6a80000,0x00000000d6d80000)
 ParOldGen       total 68608K, used 45628K [0x0000000080000000, 0x0000000084300000, 0x00000000d5580000)
  object space 68608K, 66% used [0x0000000080000000,0x0000000082c8f208,0x0000000084300000)
 Metaspace       used 65029K, committed 66496K, reserved 1114112K
  class space    used 6922K, committed 7552K, reserved 1048576K
}
Event: 7905.113 GC heap after
{Heap after GC invocations=38 (full 3):
 PSYoungGen      total 21504K, used 992K [0x00000000d5580000, 0x00000000d6e80000, 0x0000000100000000)
  eden space 20480K, 0% used [0x00000000d5580000,0x00000000d5580000,0x00000000d6980000)
  from space 1024K, 96% used [0x00000000d6a80000,0x00000000d6b78020,0x00000000d6b80000)
  to   space 1536K, 0% used [0x00000000d6d00000,0x00000000d6d00000,0x00000000d6e80000)
 ParOldGen       total 68608K, used 46106K [0x0000000080000000, 0x0000000084300000, 0x00000000d5580000)
  object space 68608K, 67% used [0x0000000080000000,0x0000000082d06b68,0x0000000084300000)
 Metaspace       used 65029K, committed 66496K, reserved 1114112K
  class space    used 6922K, committed 7552K, reserved 1048576K
}

